[debug] [2022-05-22T11:32:24.685Z] ----------------------------------------------------------------------
[debug] [2022-05-22T11:32:24.686Z] Command:       C:\Program Files\nodejs\node.exe C:\Users\USER\AppData\Roaming\npm\node_modules\firebase-tools\lib\bin\firebase.js init
[debug] [2022-05-22T11:32:24.686Z] CLI Version:   11.0.0
[debug] [2022-05-22T11:32:24.686Z] Platform:      win32
[debug] [2022-05-22T11:32:24.687Z] Node Version:  v16.13.1
[debug] [2022-05-22T11:32:24.687Z] Time:          Sun May 22 2022 17:32:24 GMT+0600 (Bangladesh Standard Time)
[debug] [2022-05-22T11:32:24.687Z] ----------------------------------------------------------------------
[debug] 
[debug] [2022-05-22T11:32:24.689Z] >>> [apiv2][query] GET https://firebase-public.firebaseio.com/cli.json [none]
[debug] [2022-05-22T11:32:24.705Z] > command requires scopes: ["email","openid","https://www.googleapis.com/auth/cloudplatformprojects.readonly","https://www.googleapis.com/auth/firebase","https://www.googleapis.com/auth/cloud-platform"]
[debug] [2022-05-22T11:32:24.705Z] > authorizing via signed-in user (msshimul99@gmail.com)
[info] 
     ######## #### ########  ######## ########     ###     ######  ########
     ##        ##  ##     ## ##       ##     ##  ##   ##  ##       ##
     ######    ##  ########  ######   ########  #########  ######  ######
     ##        ##  ##    ##  ##       ##     ## ##     ##       ## ##
     ##       #### ##     ## ######## ########  ##     ##  ######  ########

You're about to initialize a Firebase project in this directory:

  C:\Projects\mtb-bike-toolers

Before we get started, keep in mind:

  * You are currently outside your home directory

[debug] [2022-05-22T11:32:26.025Z] <<< [apiv2][status] GET https://firebase-public.firebaseio.com/cli.json 200
[debug] [2022-05-22T11:32:26.025Z] <<< [apiv2][body] GET https://firebase-public.firebaseio.com/cli.json {"cloudBuildErrorAfter":1594252800000,"cloudBuildWarnAfter":1590019200000,"defaultNode10After":1594252800000,"minVersion":"3.0.5","node8DeploysDisabledAfter":1613390400000,"node8RuntimeDisabledAfter":1615809600000,"node8WarnAfter":1600128000000}
